<?xml version="1.0" encoding="utf-8"?><testsuites name="pytest tests"><testsuite name="pytest" errors="0" failures="0" skipped="0" tests="24" time="3.659" timestamp="2026-02-23T23:24:29.447098+00:00" hostname="agent-env-cf3d0e49-3938-4094-9420-feee2e88e964"><testcase classname="tests.test_service_centers.TestServiceCentersEndpoint" name="test_get_all_service_centers_returns_118" time="0.200" /><testcase classname="tests.test_service_centers.TestServiceCentersEndpoint" name="test_service_centers_have_required_fields" time="0.182" /><testcase classname="tests.test_service_centers.TestCanadianProvinces" name="test_alberta_province_ab_exists" time="0.154" /><testcase classname="tests.test_service_centers.TestCanadianProvinces" name="test_british_columbia_bc_exists" time="0.130" /><testcase classname="tests.test_service_centers.TestCanadianProvinces" name="test_ontario_on_exists" time="0.126" /><testcase classname="tests.test_service_centers.TestCanadianProvinces" name="test_quebec_qc_exists" time="0.133" /><testcase classname="tests.test_service_centers.TestStateFilter" name="test_filter_by_texas" time="0.248" /><testcase classname="tests.test_service_centers.TestStateFilter" name="test_filter_by_california" time="0.149" /><testcase classname="tests.test_service_centers.TestStateFilter" name="test_filter_invalid_state_returns_empty" time="0.128" /><testcase classname="tests.test_service_centers.TestFuelTypeFilter" name="test_filter_by_hydrogen" time="0.142" /><testcase classname="tests.test_service_centers.TestFuelTypeFilter" name="test_filter_by_cng" time="0.130" /><testcase classname="tests.test_service_centers.TestFuelTypeFilter" name="test_filter_by_electric" time="0.140" /><testcase classname="tests.test_service_centers.TestFuelTypeFilter" name="test_filter_by_lng" time="0.131" /><testcase classname="tests.test_service_centers.TestServiceTypeFilter" name="test_filter_by_in_shop" time="0.131" /><testcase classname="tests.test_service_centers.TestServiceTypeFilter" name="test_filter_by_both" time="0.114" /><testcase classname="tests.test_service_centers.TestServiceTypeFilter" name="test_filter_by_mobile_may_return_empty" time="0.129" /><testcase classname="tests.test_service_centers.TestCombinedFilters" name="test_filter_state_and_fuel_type" time="0.120" /><testcase classname="tests.test_service_centers.TestCombinedFilters" name="test_filter_state_and_service_type" time="0.115" /><testcase classname="tests.test_service_centers.TestDataQuality" name="test_coverage_40_states_provinces" time="0.132" /><testcase classname="tests.test_service_centers.TestDataQuality" name="test_all_centers_have_phone" time="0.140" /><testcase classname="tests.test_service_centers.TestDataQuality" name="test_all_centers_have_valid_coordinates" time="0.168" /><testcase classname="tests.test_service_centers.TestDataQuality" name="test_service_center_ratings_valid" time="0.140" /><testcase classname="tests.test_service_centers.TestIndividualServiceCenter" name="test_get_single_service_center" time="0.226" /><testcase classname="tests.test_service_centers.TestIndividualServiceCenter" name="test_get_nonexistent_service_center" time="0.133" /></testsuite></testsuites>